SmartParking/build/outputs/logs/manifest-merger-debug-report.txt
-- Merging decision tree log ---
manifest
ADDED from SmartParking_ITL-master/SmartParking/AndroidManifest.xml:2:1-144:12
	xmlns:android
		ADDED from SmartParking_ITL-master/SmartParking/AndroidManifest.xml:2:11-69
	package
		ADDED from SmartParking_ITL-master/SmartParking/AndroidManifest.xml:3:5-35
	android:versionName
		ADDED from SmartParking_ITL-master/SmartParking/AndroidManifest.xml:5:5-30
	android:versionCode
		ADDED from SmartParking_ITL-master/SmartParking/AndroidManifest.xml:4:5-28
		INJECTED from SmartParking_ITL-master/SmartParking/AndroidManifest.xml
		INJECTED from SmartParking_ITL-master/SmartParking/AndroidManifest.xml
uses-permission#android.permission.INTERNET
ADDED from SmartParking_ITL-master/SmartParking/AndroidManifest.xml:7:5-8:23
	android:name
		ADDED from SmartParking_ITL-master/SmartParking/AndroidManifest.xml:7:22-64
uses-permission#android.permission.ACCESS_NETWORK_STATE
ADDED from SmartParking_ITL-master/SmartParking/AndroidManifest.xml:9:5-10:23
	android:name
		ADDED from SmartParking_ITL-master/SmartParking/AndroidManifest.xml:9:22-76
uses-permission#android.permission.WRITE_EXTERNAL_STORAGE
ADDED from SmartParking_ITL-master/SmartParking/AndroidManifest.xml:11:5-12:23
	android:name
		ADDED from SmartParking_ITL-master/SmartParking/AndroidManifest.xml:11:22-78
uses-permission#com.google.android.providers.gsf.permission.READ_GSERVICES
ADDED from SmartParking_ITL-master/SmartParking/AndroidManifest.xml:13:5-14:23
	android:name
		ADDED from SmartParking_ITL-master/SmartParking/AndroidManifest.xml:13:22-95
uses-permission#android.permission.ACCESS_COARSE_LOCATION
ADDED from SmartParking_ITL-master/SmartParking/AndroidManifest.xml:15:5-16:23
	android:name
		ADDED from SmartParking_ITL-master/SmartParking/AndroidManifest.xml:15:22-78
uses-permission#android.permission.ACCESS_FINE_LOCATION
ADDED from SmartParking_ITL-master/SmartParking/AndroidManifest.xml:17:5-18:23
	android:name
		ADDED from SmartParking_ITL-master/SmartParking/AndroidManifest.xml:17:22-76
uses-feature#0x00020000
ADDED from SmartParking_ITL-master/SmartParking/AndroidManifest.xml:20:5-23:20
	android:required
		ADDED from SmartParking_ITL-master/SmartParking/AndroidManifest.xml:22:9-32
	android:glEsVersion
		ADDED from SmartParking_ITL-master/SmartParking/AndroidManifest.xml:21:9-41
uses-sdk
ADDED from SmartParking_ITL-master/SmartParking/AndroidManifest.xml:25:5-27:41
MERGED from [SmartParking_ITL-master:google-play-services_lib:unspecified] AndroidManifest.xml:23:5-43
MERGED from [com.android.support:appcompat-v7:21.0.3] AndroidManifest.xml:15:5-42
MERGED from [com.android.support:support-v4:21.0.3] AndroidManifest.xml:15:5-42
	android:targetSdkVersion
		ADDED from SmartParking_ITL-master/SmartParking/AndroidManifest.xml:27:9-38
	android:minSdkVersion
		ADDED from SmartParking_ITL-master/SmartParking/AndroidManifest.xml:26:9-35
uses-permission#android.permission.BLUETOOTH
ADDED from SmartParking_ITL-master/SmartParking/AndroidManifest.xml:29:5-68
	android:name
		ADDED from SmartParking_ITL-master/SmartParking/AndroidManifest.xml:29:22-65
uses-permission#android.permission.BLUETOOTH_ADMIN
ADDED from SmartParking_ITL-master/SmartParking/AndroidManifest.xml:30:5-74
	android:name
		ADDED from SmartParking_ITL-master/SmartParking/AndroidManifest.xml:30:22-71
uses-permission#android.permission.VIBRATE
ADDED from SmartParking_ITL-master/SmartParking/AndroidManifest.xml:31:5-66
	android:name
		ADDED from SmartParking_ITL-master/SmartParking/AndroidManifest.xml:31:22-63
application
ADDED from SmartParking_ITL-master/SmartParking/AndroidManifest.xml:33:5-142:19
MERGED from [SmartParking_ITL-master:google-play-services_lib:unspecified] AndroidManifest.xml:25:5-20
MERGED from [com.android.support:appcompat-v7:21.0.3] AndroidManifest.xml:16:5-19
MERGED from [com.android.support:support-v4:21.0.3] AndroidManifest.xml:16:5-19
	android:label
		ADDED from SmartParking_ITL-master/SmartParking/AndroidManifest.xml:36:9-41
	android:allowBackup
		ADDED from SmartParking_ITL-master/SmartParking/AndroidManifest.xml:34:9-35
	android:icon
		ADDED from SmartParking_ITL-master/SmartParking/AndroidManifest.xml:35:9-45
	android:theme
		ADDED from SmartParking_ITL-master/SmartParking/AndroidManifest.xml:37:9-53
meta-data#com.google.android.maps.v2.API_KEY
ADDED from SmartParking_ITL-master/SmartParking/AndroidManifest.xml:38:9-41:21
	android:name
		ADDED from SmartParking_ITL-master/SmartParking/AndroidManifest.xml:39:13-62
	android:value
		ADDED from SmartParking_ITL-master/SmartParking/AndroidManifest.xml:40:13-68
meta-data#com.google.android.gms.version
ADDED from SmartParking_ITL-master/SmartParking/AndroidManifest.xml:42:9-45:21
	android:name
		ADDED from SmartParking_ITL-master/SmartParking/AndroidManifest.xml:43:13-58
	android:value
		ADDED from SmartParking_ITL-master/SmartParking/AndroidManifest.xml:44:13-66
activity#com.tim.smartparking.MainActivity
ADDED from SmartParking_ITL-master/SmartParking/AndroidManifest.xml:47:9-55:20
	android:screenOrientation
		ADDED from SmartParking_ITL-master/SmartParking/AndroidManifest.xml:50:13-49
	android:label
		ADDED from SmartParking_ITL-master/SmartParking/AndroidManifest.xml:49:13-45
	android:name
		ADDED from SmartParking_ITL-master/SmartParking/AndroidManifest.xml:48:13-41
intent-filter#Main+android.intent.action.MAIN
ADDED from SmartParking_ITL-master/SmartParking/AndroidManifest.xml:51:13-54:29
action#android.intent.action.MAIN
ADDED from SmartParking_ITL-master/SmartParking/AndroidManifest.xml:52:17-69
	android:name
		ADDED from SmartParking_ITL-master/SmartParking/AndroidManifest.xml:52:25-66
action#Main
ADDED from SmartParking_ITL-master/SmartParking/AndroidManifest.xml:53:17-47
	android:name
		ADDED from SmartParking_ITL-master/SmartParking/AndroidManifest.xml:53:25-44
activity#com.tim.smartparking.SplashScreen
ADDED from SmartParking_ITL-master/SmartParking/AndroidManifest.xml:56:9-64:20
	android:theme
		ADDED from SmartParking_ITL-master/SmartParking/AndroidManifest.xml:58:13-44
	android:name
		ADDED from SmartParking_ITL-master/SmartParking/AndroidManifest.xml:57:13-41
intent-filter#android.intent.action.MAIN+android.intent.category.LAUNCHER
ADDED from SmartParking_ITL-master/SmartParking/AndroidManifest.xml:59:13-63:29
category#android.intent.category.LAUNCHER
ADDED from SmartParking_ITL-master/SmartParking/AndroidManifest.xml:62:17-77
	android:name
		ADDED from SmartParking_ITL-master/SmartParking/AndroidManifest.xml:62:27-74
activity#com.tim.smartparking.RunActivity
ADDED from SmartParking_ITL-master/SmartParking/AndroidManifest.xml:65:9-68:20
	android:screenOrientation
		ADDED from SmartParking_ITL-master/SmartParking/AndroidManifest.xml:67:13-49
	android:name
		ADDED from SmartParking_ITL-master/SmartParking/AndroidManifest.xml:66:13-40
activity#com.tim.smartparking.SPMapActivity
ADDED from SmartParking_ITL-master/SmartParking/AndroidManifest.xml:69:9-72:20
	android:screenOrientation
		ADDED from SmartParking_ITL-master/SmartParking/AndroidManifest.xml:71:13-50
	android:name
		ADDED from SmartParking_ITL-master/SmartParking/AndroidManifest.xml:70:13-42
activity#com.tim.smartparking.ChelniParks
ADDED from SmartParking_ITL-master/SmartParking/AndroidManifest.xml:73:9-79:20
	android:label
		ADDED from SmartParking_ITL-master/SmartParking/AndroidManifest.xml:75:13-64
	android:name
		ADDED from SmartParking_ITL-master/SmartParking/AndroidManifest.xml:74:13-40
intent-filter#android.intent.action.MAIN
ADDED from SmartParking_ITL-master/SmartParking/AndroidManifest.xml:76:13-78:29
activity#com.tim.smartparking.KazanParks
ADDED from SmartParking_ITL-master/SmartParking/AndroidManifest.xml:80:9-88:20
	android:label
		ADDED from SmartParking_ITL-master/SmartParking/AndroidManifest.xml:82:13-63
	android:name
		ADDED from SmartParking_ITL-master/SmartParking/AndroidManifest.xml:81:13-39
intent-filter#KazanParks+android.intent.category.DEFAULT
ADDED from SmartParking_ITL-master/SmartParking/AndroidManifest.xml:83:13-87:29
category#android.intent.category.DEFAULT
ADDED from SmartParking_ITL-master/SmartParking/AndroidManifest.xml:84:17-76
	android:name
		ADDED from SmartParking_ITL-master/SmartParking/AndroidManifest.xml:84:27-73
action#KazanParks
ADDED from SmartParking_ITL-master/SmartParking/AndroidManifest.xml:86:17-53
	android:name
		ADDED from SmartParking_ITL-master/SmartParking/AndroidManifest.xml:86:25-50
activity#com.tim.smartparking.Kruiz
ADDED from SmartParking_ITL-master/SmartParking/AndroidManifest.xml:89:9-92:20
	android:label
		ADDED from SmartParking_ITL-master/SmartParking/AndroidManifest.xml:91:13-57
	android:name
		ADDED from SmartParking_ITL-master/SmartParking/AndroidManifest.xml:90:13-34
activity#com.tim.smartparking.Garag500
ADDED from SmartParking_ITL-master/SmartParking/AndroidManifest.xml:93:9-96:20
	android:label
		ADDED from SmartParking_ITL-master/SmartParking/AndroidManifest.xml:95:13-60
	android:name
		ADDED from SmartParking_ITL-master/SmartParking/AndroidManifest.xml:94:13-37
activity#com.tim.smartparking.Kolco
ADDED from SmartParking_ITL-master/SmartParking/AndroidManifest.xml:97:9-100:20
	android:label
		ADDED from SmartParking_ITL-master/SmartParking/AndroidManifest.xml:99:13-57
	android:name
		ADDED from SmartParking_ITL-master/SmartParking/AndroidManifest.xml:98:13-34
activity#com.tim.smartparking.Chistopolskaya
ADDED from SmartParking_ITL-master/SmartParking/AndroidManifest.xml:101:9-104:20
	android:label
		ADDED from SmartParking_ITL-master/SmartParking/AndroidManifest.xml:103:13-66
	android:name
		ADDED from SmartParking_ITL-master/SmartParking/AndroidManifest.xml:102:13-43
activity#com.tim.smartparking.Oplata
ADDED from SmartParking_ITL-master/SmartParking/AndroidManifest.xml:105:9-108:20
	android:label
		ADDED from SmartParking_ITL-master/SmartParking/AndroidManifest.xml:107:13-58
	android:name
		ADDED from SmartParking_ITL-master/SmartParking/AndroidManifest.xml:106:13-35
activity#com.tim.smartparking.ServerOplata
ADDED from SmartParking_ITL-master/SmartParking/AndroidManifest.xml:109:9-110:20
	android:name
		ADDED from SmartParking_ITL-master/SmartParking/AndroidManifest.xml:109:19-47
activity#com.tim.smartparking.ServerTest
ADDED from SmartParking_ITL-master/SmartParking/AndroidManifest.xml:111:9-115:20
	android:screenOrientation
		ADDED from SmartParking_ITL-master/SmartParking/AndroidManifest.xml:114:6-43
	android:label
		ADDED from SmartParking_ITL-master/SmartParking/AndroidManifest.xml:113:13-63
	android:name
		ADDED from SmartParking_ITL-master/SmartParking/AndroidManifest.xml:112:13-39
service#com.tim.smartparking.MyService
ADDED from SmartParking_ITL-master/SmartParking/AndroidManifest.xml:117:9-120:19
	android:process
		ADDED from SmartParking_ITL-master/SmartParking/AndroidManifest.xml:119:13-41
	android:name
		ADDED from SmartParking_ITL-master/SmartParking/AndroidManifest.xml:118:13-38
activity#com.tim.smartparking.BeaconMap
ADDED from SmartParking_ITL-master/SmartParking/AndroidManifest.xml:122:9-123:20
	android:name
		ADDED from SmartParking_ITL-master/SmartParking/AndroidManifest.xml:122:19-44
activity#com.tim.smartparking.ListBeaconsActivity
ADDED from SmartParking_ITL-master/SmartParking/AndroidManifest.xml:124:9-125:20
	android:name
		ADDED from SmartParking_ITL-master/SmartParking/AndroidManifest.xml:124:19-54
activity#com.tim.smartparking.GoogleMapView
ADDED from SmartParking_ITL-master/SmartParking/AndroidManifest.xml:126:9-127:20
	android:name
		ADDED from SmartParking_ITL-master/SmartParking/AndroidManifest.xml:126:19-48
uses-library#com.google.android.maps
ADDED from SmartParking_ITL-master/SmartParking/AndroidManifest.xml:129:9-130:54
	android:name
		ADDED from SmartParking_ITL-master/SmartParking/AndroidManifest.xml:130:13-51
activity#com.tim.smartparking.GooglePlaceActivity
ADDED from SmartParking_ITL-master/SmartParking/AndroidManifest.xml:132:9-133:20
	android:name
		ADDED from SmartParking_ITL-master/SmartParking/AndroidManifest.xml:132:19-54
activity#com.tim.smartparking.PlacesMapActivity
ADDED from SmartParking_ITL-master/SmartParking/AndroidManifest.xml:134:9-137:20
	android:label
		ADDED from SmartParking_ITL-master/SmartParking/AndroidManifest.xml:136:13-49
	android:name
		ADDED from SmartParking_ITL-master/SmartParking/AndroidManifest.xml:135:13-46
activity#com.tim.smartparking.SinglePlaceActivity
ADDED from SmartParking_ITL-master/SmartParking/AndroidManifest.xml:138:9-139:20
	android:name
		ADDED from SmartParking_ITL-master/SmartParking/AndroidManifest.xml:138:19-54
activity#com.tim.smartparking.MyLocationActivity
ADDED from SmartParking_ITL-master/SmartParking/AndroidManifest.xml:140:9-141:20
	android:name
		ADDED from SmartParking_ITL-master/SmartParking/AndroidManifest.xml:140:19-53